2020-10-15 20:33:11.258  INFO 3897 --- [main] c.h.a.c.CustomScannersServiceApplication : Starting CustomScannersServiceApplication on parrot with PID 3897 (/home/nabawi/.vscode/extensions/hcltechnologies.hclappscancodesweep-1.1.1/lib/custom-scanners-service-1.0.8.jar started by nabawi in /home/nabawi/Desktop/Desktop_2/gitquest/Hacktoberfest-2020/profiles)
2020-10-15 20:33:11.278  INFO 3897 --- [main] c.h.a.c.CustomScannersServiceApplication : No active profile set, falling back to default profiles: default
2020-10-15 20:33:16.323  INFO 3897 --- [main] o.s.b.w.embedded.tomcat.TomcatWebServer  : Tomcat initialized with port(s): 9221 (http)
2020-10-15 20:33:16.357  INFO 3897 --- [main] o.apache.catalina.core.StandardService   : Starting service [Tomcat]
2020-10-15 20:33:16.359  INFO 3897 --- [main] org.apache.catalina.core.StandardEngine  : Starting Servlet engine: [Apache Tomcat/9.0.29]
2020-10-15 20:33:16.568  INFO 3897 --- [main] o.a.c.c.C.[Tomcat].[localhost].[/]       : Initializing Spring embedded WebApplicationContext
2020-10-15 20:33:16.569 DEBUG 3897 --- [main] o.s.web.context.ContextLoader            : Published root WebApplicationContext as ServletContext attribute with name [org.springframework.web.context.WebApplicationContext.ROOT]
2020-10-15 20:33:16.570  INFO 3897 --- [main] o.s.web.context.ContextLoader            : Root WebApplicationContext: initialization completed in 4982 ms
2020-10-15 20:33:17.094 DEBUG 3897 --- [main] o.s.b.w.s.ServletContextInitializerBeans : Mapping filters: filterRegistrationBean urls=[/*] order=-2147483647, characterEncodingFilter urls=[/*] order=-2147483648, formContentFilter urls=[/*] order=-9900, requestContextFilter urls=[/*] order=-105
2020-10-15 20:33:17.097 DEBUG 3897 --- [main] o.s.b.w.s.ServletContextInitializerBeans : Mapping servlets: dispatcherServlet urls=[/]
2020-10-15 20:33:21.574 DEBUG 3897 --- [main] s.w.s.m.m.a.RequestMappingHandlerMapping : 19 mappings in 'requestMappingHandlerMapping'
2020-10-15 20:33:21.712  INFO 3897 --- [main] o.s.b.a.e.web.EndpointLinksResolver      : Exposing 2 endpoint(s) beneath base path '/actuator'
2020-10-15 20:33:21.999  INFO 3897 --- [main] pertySourcedRequestMappingHandlerMapping : Mapped URL path [/v2/api-docs] onto method [springfox.documentation.swagger2.web.Swagger2Controller#getDocumentation(String, HttpServletRequest)]
2020-10-15 20:33:22.328  INFO 3897 --- [main] o.s.s.concurrent.ThreadPoolTaskExecutor  : Initializing ExecutorService 'applicationTaskExecutor'
2020-10-15 20:33:22.398 DEBUG 3897 --- [main] s.w.s.m.m.a.RequestMappingHandlerAdapter : ControllerAdvice beans: 0 @ModelAttribute, 0 @InitBinder, 1 RequestBodyAdvice, 1 ResponseBodyAdvice
2020-10-15 20:33:22.696 DEBUG 3897 --- [main] o.s.w.s.handler.SimpleUrlHandlerMapping  : Patterns [/webjars/**, /**] in 'resourceHandlerMapping'
2020-10-15 20:33:22.727 DEBUG 3897 --- [main] .m.m.a.ExceptionHandlerExceptionResolver : ControllerAdvice beans: 1 @ExceptionHandler, 1 ResponseBodyAdvice
2020-10-15 20:33:22.882  INFO 3897 --- [main] d.s.w.p.DocumentationPluginsBootstrapper : Context refreshed
2020-10-15 20:33:22.953  INFO 3897 --- [main] d.s.w.p.DocumentationPluginsBootstrapper : Found 1 custom documentation plugin(s)
2020-10-15 20:33:23.117  INFO 3897 --- [main] s.d.s.w.s.ApiListingReferenceScanner     : Scanning for api listing references
2020-10-15 20:33:24.253  INFO 3897 --- [main] o.s.b.w.embedded.tomcat.TomcatWebServer  : Tomcat started on port(s): 9221 (http) with context path ''
2020-10-15 20:33:24.267  INFO 3897 --- [main] c.h.a.c.CustomScannersServiceApplication : Started CustomScannersServiceApplication in 16.105 seconds (JVM running for 19.298)
2020-10-15 20:33:24.591  INFO 3897 --- [http-nio-9221-exec-1] o.a.c.c.C.[Tomcat].[localhost].[/]       : Initializing Spring DispatcherServlet 'dispatcherServlet'
2020-10-15 20:33:24.596  INFO 3897 --- [http-nio-9221-exec-1] o.s.web.servlet.DispatcherServlet        : Initializing Servlet 'dispatcherServlet'
2020-10-15 20:33:24.597 DEBUG 3897 --- [http-nio-9221-exec-1] o.s.web.servlet.DispatcherServlet        : Detected StandardServletMultipartResolver
2020-10-15 20:33:24.615 DEBUG 3897 --- [http-nio-9221-exec-1] o.s.web.servlet.DispatcherServlet        : enableLoggingRequestDetails='false': request parameters and headers will be masked to prevent unsafe logging of potentially sensitive data
2020-10-15 20:33:24.616  INFO 3897 --- [http-nio-9221-exec-1] o.s.web.servlet.DispatcherServlet        : Completed initialization in 19 ms
2020-10-15 20:33:24.646 DEBUG 3897 --- [http-nio-9221-exec-1] o.s.web.servlet.DispatcherServlet        : GET "/v1/scanRules", parameters={}
2020-10-15 20:33:24.665 DEBUG 3897 --- [http-nio-9221-exec-1] s.w.s.m.m.a.RequestMappingHandlerMapping : Mapped to com.hcl.appscan.customscannersservice.controller.CustomScannersController#getScanRules(String[])
2020-10-15 20:33:24.752 DEBUG 3897 --- [http-nio-9221-exec-1] o.s.w.s.m.m.a.HttpEntityMethodProcessor  : Using 'application/json', given [application/json] and supported [application/json]
2020-10-15 20:33:24.779 DEBUG 3897 --- [http-nio-9221-exec-1] o.s.w.s.m.m.a.HttpEntityMethodProcessor  : Writing [{Golang={com.ouncelabs.languagelite.golang.rules.WeakCryptoGolang=CustomScannersServiceScanRule{rule (truncated)...]
2020-10-15 20:33:24.963 DEBUG 3897 --- [http-nio-9221-exec-1] o.s.web.servlet.DispatcherServlet        : Completed 200 OK
2020-10-15 20:34:39.327 DEBUG 3897 --- [http-nio-9221-exec-2] o.s.web.servlet.DispatcherServlet        : POST "/v1/scanFile", parameters={masked}
2020-10-15 20:34:39.336 DEBUG 3897 --- [http-nio-9221-exec-2] s.w.s.m.m.a.RequestMappingHandlerMapping : Mapped to com.hcl.appscan.customscannersservice.controller.CustomScannersController#runScanFile(MultipartFile, String, int[])
2020-10-15 20:34:39.355 DEBUG 3897 --- [http-nio-9221-exec-2] .m.m.a.ExceptionHandlerExceptionResolver : Using @ExceptionHandler com.hcl.appscan.customscannersservice.controller.CustomScannersControllerAdvice#handleInvalidArgument(IllegalArgumentException)
2020-10-15 20:34:39.362 DEBUG 3897 --- [http-nio-9221-exec-2] o.s.w.s.m.m.a.HttpEntityMethodProcessor  : Using 'application/json', given [application/json] and supported [application/json, application/*+json, application/json, application/*+json]
2020-10-15 20:34:39.363 DEBUG 3897 --- [http-nio-9221-exec-2] o.s.w.s.m.m.a.HttpEntityMethodProcessor  : Writing [com.hcl.appscan.customscannersservice.controller.CustomScannersControllerAdvice$ErrorMessage@4862cb2 (truncated)...]
2020-10-15 20:34:39.368 DEBUG 3897 --- [http-nio-9221-exec-2] .m.m.a.ExceptionHandlerExceptionResolver : Resolved [java.lang.IllegalArgumentException: The following file extension is not supported: md]
2020-10-15 20:34:39.369 DEBUG 3897 --- [http-nio-9221-exec-2] o.s.web.servlet.DispatcherServlet        : Completed 422 UNPROCESSABLE_ENTITY
